2013/01/03 02:40:26 [error] [exception.CHttpException.404] exception 'CHttpException' with message 'The system is unable to find the requested action "images".' in E:\wwwroot\projects\web\Jon_Chickneas\Fretophile\Source\framework\web\CController.php:484
Stack trace:
#0 E:\wwwroot\projects\web\Jon_Chickneas\Fretophile\Source\framework\web\CController.php(271): CController->missingAction('images')
#1 E:\wwwroot\projects\web\Jon_Chickneas\Fretophile\Source\framework\web\CWebApplication.php(283): CController->run('images')
#2 E:\wwwroot\projects\web\Jon_Chickneas\Fretophile\Source\framework\web\CWebApplication.php(142): CWebApplication->runController('instrument/imag...')
#3 E:\wwwroot\projects\web\Jon_Chickneas\Fretophile\Source\framework\base\CApplication.php(162): CWebApplication->processRequest()
#4 E:\wwwroot\projects\web\Jon_Chickneas\Fretophile\Source\fretophile\index.php(11): CApplication->run()
#5 {main}
REQUEST_URI=/projects/web/Jon_Chickneas/Fretophile/Source/fretophile/index.php/instrument/images/listing_img3.jpg
HTTP_REFERER=http://ganga.impingesolutions.com/projects/web/Jon_Chickneas/Fretophile/Source/fretophile/index.php/instrument/list
---
2013/01/03 02:40:27 [error] [exception.CHttpException.404] exception 'CHttpException' with message 'The system is unable to find the requested action "images".' in E:\wwwroot\projects\web\Jon_Chickneas\Fretophile\Source\framework\web\CController.php:484
Stack trace:
#0 E:\wwwroot\projects\web\Jon_Chickneas\Fretophile\Source\framework\web\CController.php(271): CController->missingAction('images')
#1 E:\wwwroot\projects\web\Jon_Chickneas\Fretophile\Source\framework\web\CWebApplication.php(283): CController->run('images')
#2 E:\wwwroot\projects\web\Jon_Chickneas\Fretophile\Source\framework\web\CWebApplication.php(142): CWebApplication->runController('instrument/imag...')
#3 E:\wwwroot\projects\web\Jon_Chickneas\Fretophile\Source\framework\base\CApplication.php(162): CWebApplication->processRequest()
#4 E:\wwwroot\projects\web\Jon_Chickneas\Fretophile\Source\fretophile\index.php(11): CApplication->run()
#5 {main}
REQUEST_URI=/projects/web/Jon_Chickneas/Fretophile/Source/fretophile/index.php/instrument/images/listing_img3.jpg
HTTP_REFERER=http://ganga.impingesolutions.com/projects/web/Jon_Chickneas/Fretophile/Source/fretophile/index.php/instrument/list
---
2013/01/03 02:58:55 [error] [exception.CHttpException.404] exception 'CHttpException' with message 'The system is unable to find the requested action "images".' in E:\wwwroot\projects\web\Jon_Chickneas\Fretophile\Source\framework\web\CController.php:484
Stack trace:
#0 E:\wwwroot\projects\web\Jon_Chickneas\Fretophile\Source\framework\web\CController.php(271): CController->missingAction('images')
#1 E:\wwwroot\projects\web\Jon_Chickneas\Fretophile\Source\framework\web\CWebApplication.php(283): CController->run('images')
#2 E:\wwwroot\projects\web\Jon_Chickneas\Fretophile\Source\framework\web\CWebApplication.php(142): CWebApplication->runController('instrument/imag...')
#3 E:\wwwroot\projects\web\Jon_Chickneas\Fretophile\Source\framework\base\CApplication.php(162): CWebApplication->processRequest()
#4 E:\wwwroot\projects\web\Jon_Chickneas\Fretophile\Source\fretophile\index.php(11): CApplication->run()
#5 {main}
REQUEST_URI=/projects/web/Jon_Chickneas/Fretophile/Source/fretophile/index.php/instrument/images/listing_img3.jpg
HTTP_REFERER=http://ganga.impingesolutions.com/projects/web/Jon_Chickneas/Fretophile/Source/fretophile/index.php/instrument/list
---
2013/01/03 02:58:55 [error] [exception.CHttpException.404] exception 'CHttpException' with message 'The system is unable to find the requested action "images".' in E:\wwwroot\projects\web\Jon_Chickneas\Fretophile\Source\framework\web\CController.php:484
Stack trace:
#0 E:\wwwroot\projects\web\Jon_Chickneas\Fretophile\Source\framework\web\CController.php(271): CController->missingAction('images')
#1 E:\wwwroot\projects\web\Jon_Chickneas\Fretophile\Source\framework\web\CWebApplication.php(283): CController->run('images')
#2 E:\wwwroot\projects\web\Jon_Chickneas\Fretophile\Source\framework\web\CWebApplication.php(142): CWebApplication->runController('instrument/imag...')
#3 E:\wwwroot\projects\web\Jon_Chickneas\Fretophile\Source\framework\base\CApplication.php(162): CWebApplication->processRequest()
#4 E:\wwwroot\projects\web\Jon_Chickneas\Fretophile\Source\fretophile\index.php(11): CApplication->run()
#5 {main}
REQUEST_URI=/projects/web/Jon_Chickneas/Fretophile/Source/fretophile/index.php/instrument/images/listing_img3.jpg
HTTP_REFERER=http://ganga.impingesolutions.com/projects/web/Jon_Chickneas/Fretophile/Source/fretophile/index.php/instrument/list
---
2013/01/03 03:17:53 [error] [php] Trying to get property of non-object (E:\wwwroot\projects\web\Jon_Chickneas\Fretophile\Source\fretophile\protected\views\instrument\instrumentList.php:85)
Stack trace:
#0 E:\wwwroot\projects\web\Jon_Chickneas\Fretophile\Source\framework\web\CController.php(870): InstrumentController->renderFile()
#1 E:\wwwroot\projects\web\Jon_Chickneas\Fretophile\Source\framework\web\CController.php(783): InstrumentController->renderPartial()
#2 E:\wwwroot\projects\web\Jon_Chickneas\Fretophile\Source\fretophile\protected\controllers\InstrumentController.php(101): InstrumentController->render()
#3 E:\wwwroot\projects\web\Jon_Chickneas\Fretophile\Source\framework\web\actions\CInlineAction.php(50): InstrumentController->actionList()
#4 E:\wwwroot\projects\web\Jon_Chickneas\Fretophile\Source\framework\web\CController.php(309): CInlineAction->runWithParams()
#5 E:\wwwroot\projects\web\Jon_Chickneas\Fretophile\Source\framework\web\CController.php(287): InstrumentController->runAction()
#6 E:\wwwroot\projects\web\Jon_Chickneas\Fretophile\Source\framework\web\CController.php(266): InstrumentController->runActionWithFilters()
#7 E:\wwwroot\projects\web\Jon_Chickneas\Fretophile\Source\framework\web\CWebApplication.php(283): InstrumentController->run()
#8 E:\wwwroot\projects\web\Jon_Chickneas\Fretophile\Source\framework\web\CWebApplication.php(142): CWebApplication->runController()
#9 E:\wwwroot\projects\web\Jon_Chickneas\Fretophile\Source\framework\base\CApplication.php(162): CWebApplication->processRequest()
#10 E:\wwwroot\projects\web\Jon_Chickneas\Fretophile\Source\fretophile\index.php(11): CWebApplication->run()
REQUEST_URI=/projects/web/Jon_Chickneas/Fretophile/Source/fretophile/index.php/instrument/list
2013/01/03 03:19:17 [error] [php] Trying to get property of non-object (E:\wwwroot\projects\web\Jon_Chickneas\Fretophile\Source\fretophile\protected\views\instrument\instrumentList.php:85)
Stack trace:
#0 E:\wwwroot\projects\web\Jon_Chickneas\Fretophile\Source\framework\web\CController.php(870): InstrumentController->renderFile()
#1 E:\wwwroot\projects\web\Jon_Chickneas\Fretophile\Source\framework\web\CController.php(783): InstrumentController->renderPartial()
#2 E:\wwwroot\projects\web\Jon_Chickneas\Fretophile\Source\fretophile\protected\controllers\InstrumentController.php(101): InstrumentController->render()
#3 E:\wwwroot\projects\web\Jon_Chickneas\Fretophile\Source\framework\web\actions\CInlineAction.php(50): InstrumentController->actionList()
#4 E:\wwwroot\projects\web\Jon_Chickneas\Fretophile\Source\framework\web\CController.php(309): CInlineAction->runWithParams()
#5 E:\wwwroot\projects\web\Jon_Chickneas\Fretophile\Source\framework\web\CController.php(287): InstrumentController->runAction()
#6 E:\wwwroot\projects\web\Jon_Chickneas\Fretophile\Source\framework\web\CController.php(266): InstrumentController->runActionWithFilters()
#7 E:\wwwroot\projects\web\Jon_Chickneas\Fretophile\Source\framework\web\CWebApplication.php(283): InstrumentController->run()
#8 E:\wwwroot\projects\web\Jon_Chickneas\Fretophile\Source\framework\web\CWebApplication.php(142): CWebApplication->runController()
#9 E:\wwwroot\projects\web\Jon_Chickneas\Fretophile\Source\framework\base\CApplication.php(162): CWebApplication->processRequest()
#10 E:\wwwroot\projects\web\Jon_Chickneas\Fretophile\Source\fretophile\index.php(11): CWebApplication->run()
REQUEST_URI=/projects/web/Jon_Chickneas/Fretophile/Source/fretophile/index.php/instrument/list
2013/01/03 03:22:16 [error] [php] Undefined variable: oDocDocs1 (E:\wwwroot\projects\web\Jon_Chickneas\Fretophile\Source\fretophile\protected\views\instrument\instrumentList.php:82)
Stack trace:
#0 E:\wwwroot\projects\web\Jon_Chickneas\Fretophile\Source\framework\web\CController.php(870): InstrumentController->renderFile()
#1 E:\wwwroot\projects\web\Jon_Chickneas\Fretophile\Source\framework\web\CController.php(783): InstrumentController->renderPartial()
#2 E:\wwwroot\projects\web\Jon_Chickneas\Fretophile\Source\fretophile\protected\controllers\InstrumentController.php(101): InstrumentController->render()
#3 E:\wwwroot\projects\web\Jon_Chickneas\Fretophile\Source\framework\web\actions\CInlineAction.php(50): InstrumentController->actionList()
#4 E:\wwwroot\projects\web\Jon_Chickneas\Fretophile\Source\framework\web\CController.php(309): CInlineAction->runWithParams()
#5 E:\wwwroot\projects\web\Jon_Chickneas\Fretophile\Source\framework\web\CController.php(287): InstrumentController->runAction()
#6 E:\wwwroot\projects\web\Jon_Chickneas\Fretophile\Source\framework\web\CController.php(266): InstrumentController->runActionWithFilters()
#7 E:\wwwroot\projects\web\Jon_Chickneas\Fretophile\Source\framework\web\CWebApplication.php(283): InstrumentController->run()
#8 E:\wwwroot\projects\web\Jon_Chickneas\Fretophile\Source\framework\web\CWebApplication.php(142): CWebApplication->runController()
#9 E:\wwwroot\projects\web\Jon_Chickneas\Fretophile\Source\framework\base\CApplication.php(162): CWebApplication->processRequest()
#10 E:\wwwroot\projects\web\Jon_Chickneas\Fretophile\Source\fretophile\index.php(11): CWebApplication->run()
REQUEST_URI=/projects/web/Jon_Chickneas/Fretophile/Source/fretophile/index.php/instrument/list
2013/01/03 04:08:44 [error] [php] Undefined variable: ins (E:\wwwroot\projects\web\Jon_Chickneas\Fretophile\Source\fretophile\protected\views\instrument\instrumentDetail.php:47)
Stack trace:
#0 E:\wwwroot\projects\web\Jon_Chickneas\Fretophile\Source\framework\web\CController.php(870): InstrumentController->renderFile()
#1 E:\wwwroot\projects\web\Jon_Chickneas\Fretophile\Source\framework\web\CController.php(783): InstrumentController->renderPartial()
#2 E:\wwwroot\projects\web\Jon_Chickneas\Fretophile\Source\fretophile\protected\controllers\InstrumentController.php(157): InstrumentController->render()
#3 E:\wwwroot\projects\web\Jon_Chickneas\Fretophile\Source\framework\web\actions\CInlineAction.php(50): InstrumentController->actionDetail()
#4 E:\wwwroot\projects\web\Jon_Chickneas\Fretophile\Source\framework\web\CController.php(309): CInlineAction->runWithParams()
#5 E:\wwwroot\projects\web\Jon_Chickneas\Fretophile\Source\framework\web\CController.php(287): InstrumentController->runAction()
#6 E:\wwwroot\projects\web\Jon_Chickneas\Fretophile\Source\framework\web\CController.php(266): InstrumentController->runActionWithFilters()
#7 E:\wwwroot\projects\web\Jon_Chickneas\Fretophile\Source\framework\web\CWebApplication.php(283): InstrumentController->run()
#8 E:\wwwroot\projects\web\Jon_Chickneas\Fretophile\Source\framework\web\CWebApplication.php(142): CWebApplication->runController()
#9 E:\wwwroot\projects\web\Jon_Chickneas\Fretophile\Source\framework\base\CApplication.php(162): CWebApplication->processRequest()
#10 E:\wwwroot\projects\web\Jon_Chickneas\Fretophile\Source\fretophile\index.php(11): CWebApplication->run()
REQUEST_URI=/projects/web/Jon_Chickneas/Fretophile/Source/fretophile/index.php/instrument/detail?id=1
